#
# There is insufficient memory for the Java Runtime Environment to continue.
# Native memory allocation (mmap) failed to map 1048576 bytes for G1 virtual space
# Possible reasons:
#   The system is out of physical RAM or swap space
#   The process is running with CompressedOops enabled, and the Java Heap may be blocking the growth of the native heap
# Possible solutions:
#   Reduce memory load on the system
#   Increase physical memory or swap space
#   Check if swap backing store is full
#   Decrease Java heap size (-Xmx/-Xms)
#   Decrease number of Java threads
#   Decrease Java thread stack sizes (-Xss)
#   Set larger code cache with -XX:ReservedCodeCacheSize=
#   JVM is running with Unscaled Compressed Oops mode in which the Java heap is
#     placed in the first 4GB address space. The Java Heap base address is the
#     maximum limit for the native heap growth. Please use -XX:HeapBaseMinAddress
#     to set the Java Heap base and to place the Java Heap above 4GB virtual address.
# This output file may be truncated or incomplete.
#
#  Out of Memory Error (os_windows.cpp:3535), pid=25584, tid=24552
#
# JRE version: OpenJDK Runtime Environment Temurin-17.0.3+7 (17.0.3+7) (build 17.0.3+7)
# Java VM: OpenJDK 64-Bit Server VM Temurin-17.0.3+7 (17.0.3+7, mixed mode, emulated-client, tiered, compressed oops, compressed class ptrs, g1 gc, windows-amd64)
# No core dump will be written. Minidumps are not enabled by default on client versions of Windows
#

---------------  S U M M A R Y ------------

Command Line: -Dcom.sun.management.jmxremote -Dcom.sun.management.jmxremote.port=56406 -Dcom.sun.management.jmxremote.authenticate=false -Dcom.sun.management.jmxremote.ssl=false -Djava.rmi.server.hostname=localhost -Dspring.jmx.enabled=true -Dspring.application.admin.enabled=true -XX:TieredStopAtLevel=1 -Dspring.boot.project.name=customers -Dfile.encoding=UTF-8 -XX:+ShowCodeDetailsInExceptionMessages com.example.customers.CustomersApplication --spring.output.ansi.enabled=always

Host: Intel(R) Core(TM) i5-7200U CPU @ 2.50GHz, 4 cores, 3G,  Windows 10 , 64 bit Build 19041 (10.0.19041.1806)
Time: Thu Aug 11 03:26:41 2022 Middle East Daylight Time elapsed time: 22.520378 seconds (0d 0h 0m 22s)

---------------  T H R E A D  ---------------

Current thread (0x000001d3fd2b00f0):  VMThread "VM Thread" [stack: 0x0000005d9bc00000,0x0000005d9bd00000] [id=24552]

Stack: [0x0000005d9bc00000,0x0000005d9bd00000]
Native frames: (J=compiled Java code, j=interpreted, Vv=VM code, C=native code)
V  [jvm.dll+0x675efa]
V  [jvm.dll+0x830a24]
V  [jvm.dll+0x8321ce]
V  [jvm.dll+0x832833]
V  [jvm.dll+0x2454b5]
V  [jvm.dll+0x672de9]
V  [jvm.dll+0x667732]
V  [jvm.dll+0x3043ab]
V  [jvm.dll+0x30b8f6]
V  [jvm.dll+0x35b62e]
V  [jvm.dll+0x35b85f]
V  [jvm.dll+0x2db248]
V  [jvm.dll+0x2de2d6]
V  [jvm.dll+0x2e8998]
V  [jvm.dll+0x31cc40]
V  [jvm.dll+0x836cdb]
V  [jvm.dll+0x837a14]
V  [jvm.dll+0x837f2c]
V  [jvm.dll+0x838304]
V  [jvm.dll+0x8383d0]
V  [jvm.dll+0x7e0cfa]
V  [jvm.dll+0x674d85]
C  [ucrtbase.dll+0x21bb2]
C  [KERNEL32.DLL+0x17034]
C  [ntdll.dll+0x52651]

VM_Operation (0x0000005d9b8ff960): G1Concurrent, mode: safepoint, requested by thread 0x000001d3f2441df0


---------------  P R O C E S S  ---------------

Threads class SMR info:
_java_thread_list=0x000001d380bece30, length=24, elements={
0x000001d3f23fe160, 0x000001d3fd293000, 0x000001d3fd296010, 0x000001d3fd2eb010,
0x000001d3fd2ed7b0, 0x000001d3fd2ef080, 0x000001d3fd2f0950, 0x000001d3fd2f12c0,
0x000001d3fd327c60, 0x000001d3f24a4fd0, 0x000001d3fde8bec0, 0x000001d3fe3f11b0,
0x000001d3fe3eb250, 0x000001d3fe3ec380, 0x000001d3fe86b990, 0x000001d3fe88e330,
0x000001d3fe7af460, 0x000001d3fe7af930, 0x000001d3fe8b5300, 0x000001d3800018e0,
0x000001d3800005a0, 0x000001d380001db0, 0x000001d380000a70, 0x000001d380002750
}

Java Threads: ( => current thread )
  0x000001d3f23fe160 JavaThread "main" [_thread_blocked, id=24780, stack(0x0000005d9b600000,0x0000005d9b700000)]
  0x000001d3fd293000 JavaThread "Reference Handler" daemon [_thread_blocked, id=25164, stack(0x0000005d9bd00000,0x0000005d9be00000)]
  0x000001d3fd296010 JavaThread "Finalizer" daemon [_thread_blocked, id=24676, stack(0x0000005d9be00000,0x0000005d9bf00000)]
  0x000001d3fd2eb010 JavaThread "Signal Dispatcher" daemon [_thread_blocked, id=18168, stack(0x0000005d9bf00000,0x0000005d9c000000)]
  0x000001d3fd2ed7b0 JavaThread "Attach Listener" daemon [_thread_blocked, id=23564, stack(0x0000005d9c000000,0x0000005d9c100000)]
  0x000001d3fd2ef080 JavaThread "Service Thread" daemon [_thread_blocked, id=25192, stack(0x0000005d9c100000,0x0000005d9c200000)]
  0x000001d3fd2f0950 JavaThread "Monitor Deflation Thread" daemon [_thread_blocked, id=24856, stack(0x0000005d9c200000,0x0000005d9c300000)]
  0x000001d3fd2f12c0 JavaThread "C1 CompilerThread0" daemon [_thread_blocked, id=25332, stack(0x0000005d9c300000,0x0000005d9c400000)]
  0x000001d3fd327c60 JavaThread "Sweeper thread" daemon [_thread_blocked, id=23104, stack(0x0000005d9c400000,0x0000005d9c500000)]
  0x000001d3f24a4fd0 JavaThread "Common-Cleaner" daemon [_thread_blocked, id=24728, stack(0x0000005d9c500000,0x0000005d9c600000)]
  0x000001d3fde8bec0 JavaThread "Notification Thread" daemon [_thread_blocked, id=24716, stack(0x0000005d9c700000,0x0000005d9c800000)]
  0x000001d3fe3f11b0 JavaThread "RMI TCP Accept-0" daemon [_thread_in_native, id=24636, stack(0x0000005d9c900000,0x0000005d9ca00000)]
  0x000001d3fe3eb250 JavaThread "RMI TCP Accept-56406" daemon [_thread_in_native, id=24608, stack(0x0000005d9ca00000,0x0000005d9cb00000)]
  0x000001d3fe3ec380 JavaThread "RMI TCP Accept-0" daemon [_thread_in_native, id=24844, stack(0x0000005d9cb00000,0x0000005d9cc00000)]
  0x000001d3fe86b990 JavaThread "RMI TCP Connection(1)-127.0.0.1" daemon [_thread_in_native, id=24564, stack(0x0000005d9d200000,0x0000005d9d300000)]
  0x000001d3fe88e330 JavaThread "RMI Scheduler(0)" daemon [_thread_blocked, id=24600, stack(0x0000005d9d300000,0x0000005d9d400000)]
  0x000001d3fe7af460 JavaThread "Thread-0" [_thread_blocked, id=24912, stack(0x0000005d9d400000,0x0000005d9d500000)]
  0x000001d3fe7af930 JavaThread "restartedMain" [_thread_blocked, id=18208, stack(0x0000005d9d500000,0x0000005d9d600000)]
  0x000001d3fe8b5300 JavaThread "RMI TCP Connection(2)-127.0.0.1" daemon [_thread_blocked, id=24948, stack(0x0000005d9d600000,0x0000005d9d700000)]
  0x000001d3800018e0 JavaThread "JMX server connection timeout 24" daemon [_thread_blocked, id=22128, stack(0x0000005d9d700000,0x0000005d9d800000)]
  0x000001d3800005a0 JavaThread "Catalina-utility-1" [_thread_blocked, id=25496, stack(0x0000005d9d900000,0x0000005d9da00000)]
  0x000001d380001db0 JavaThread "Catalina-utility-2" [_thread_blocked, id=24876, stack(0x0000005d9da00000,0x0000005d9db00000)]
  0x000001d380000a70 JavaThread "container-0" [_thread_blocked, id=25328, stack(0x0000005d9db00000,0x0000005d9dc00000)]
  0x000001d380002750 JavaThread "HikariPool-1 housekeeper" daemon [_thread_blocked, id=24652, stack(0x0000005d9c600000,0x0000005d9c700000)]

Other Threads:
=>0x000001d3fd2b00f0 VMThread "VM Thread" [stack: 0x0000005d9bc00000,0x0000005d9bd00000] [id=24552]
  0x000001d3fe4b2450 WatcherThread [stack: 0x0000005d9cc00000,0x0000005d9cd00000] [id=24236]
  0x000001d3f2439220 GCTaskThread "GC Thread#0" [stack: 0x0000005d9b700000,0x0000005d9b800000] [id=23740]
  0x000001d3fe723870 GCTaskThread "GC Thread#1" [stack: 0x0000005d9cd00000,0x0000005d9ce00000] [id=25224]
  0x000001d3fe4f5860 GCTaskThread "GC Thread#2" [stack: 0x0000005d9ce00000,0x0000005d9cf00000] [id=24828]
  0x000001d3fe4f5b10 GCTaskThread "GC Thread#3" [stack: 0x0000005d9cf00000,0x0000005d9d000000] [id=12280]
  0x000001d3f2441df0 ConcurrentGCThread "G1 Main Marker" [stack: 0x0000005d9b800000,0x0000005d9b900000] [id=25148]
  0x000001d3f2442710 ConcurrentGCThread "G1 Conc#0" [stack: 0x0000005d9b900000,0x0000005d9ba00000] [id=21580]
  0x000001d3f248fa00 ConcurrentGCThread "G1 Refine#0" [stack: 0x0000005d9ba00000,0x0000005d9bb00000] [id=24648]
  0x000001d3fe58c420 ConcurrentGCThread "G1 Refine#1" [stack: 0x0000005d9d000000,0x0000005d9d100000] [id=25320]
  0x000001d3fe7b5210 ConcurrentGCThread "G1 Refine#2" [stack: 0x0000005d9d100000,0x0000005d9d200000] [id=25480]
  0x000001d3f2495750 ConcurrentGCThread "G1 Service" [stack: 0x0000005d9bb00000,0x0000005d9bc00000] [id=24644]

Threads with active compile tasks:

VM state: at safepoint (normal execution)

VM Mutex/Monitor currently owned by a thread:  ([mutex/lock_event])
[0x000001d3f23f9910] Threads_lock - owner thread: 0x000001d3fd2b00f0
[0x000001d3f23f8710] Heap_lock - owner thread: 0x000001d3f2441df0

Heap address: 0x00000000c1400000, size: 1004 MB, Compressed Oops mode: 32-bit

CDS archive(s) not mapped
Compressed class space mapped at: 0x0000000100000000-0x0000000140000000, reserved size: 1073741824
Narrow klass base: 0x0000000000000000, Narrow klass shift: 3, Narrow klass range: 0x140000000

GC Precious Log:
 CPUs: 4 total, 4 available
 Memory: 4011M
 Large Page Support: Disabled
 NUMA Support: Disabled
 Compressed Oops: Enabled (32-bit)
 Heap Region Size: 1M
 Heap Min Capacity: 8M
 Heap Initial Capacity: 64M
 Heap Max Capacity: 1004M
 Pre-touch: Disabled
 Parallel Workers: 4
 Concurrent Workers: 1
 Concurrent Refinement Workers: 4
 Periodic GC: Disabled

Heap:
 garbage-first heap   total 49152K, used 26279K [0x00000000c1400000, 0x0000000100000000)
  region size 1024K, 3 young (3072K), 2 survivors (2048K)
 Metaspace       used 51720K, committed 52096K, reserved 1097728K
  class space    used 6839K, committed 7040K, reserved 1048576K

Heap Regions: E=young(eden), S=young(survivor), O=old, HS=humongous(starts), HC=humongous(continues), CS=collection set, F=free, OA=open archive, CA=closed archive, TAMS=top-at-mark-start (previous, next)
|   0|0x00000000c1400000, 0x00000000c1500000, 0x00000000c1500000|100%|HS|  |TAMS 0x00000000c1500000, 0x00000000c1400000| Complete 
|   1|0x00000000c1500000, 0x00000000c1600000, 0x00000000c1600000|100%| O|  |TAMS 0x00000000c1600000, 0x00000000c1500000| Updating 
|   2|0x00000000c1600000, 0x00000000c1700000, 0x00000000c1700000|100%| O|  |TAMS 0x00000000c1700000, 0x00000000c1600000| Untracked 
|   3|0x00000000c1700000, 0x00000000c1800000, 0x00000000c1800000|100%| O|  |TAMS 0x00000000c1800000, 0x00000000c1700000| Untracked 
|   4|0x00000000c1800000, 0x00000000c1900000, 0x00000000c1900000|100%| O|  |TAMS 0x00000000c1900000, 0x00000000c1800000| Untracked 
|   5|0x00000000c1900000, 0x00000000c1a00000, 0x00000000c1a00000|100%| O|  |TAMS 0x00000000c1a00000, 0x00000000c1900000| Untracked 
|   6|0x00000000c1a00000, 0x00000000c1a0b000, 0x00000000c1b00000|  4%| O|  |TAMS 0x00000000c1a0b000, 0x00000000c1a00000| Updating 
|   7|0x00000000c1b00000, 0x00000000c1c00000, 0x00000000c1c00000|100%| O|  |TAMS 0x00000000c1c00000, 0x00000000c1b00000| Untracked 
|   8|0x00000000c1c00000, 0x00000000c1d00000, 0x00000000c1d00000|100%| O|  |TAMS 0x00000000c1d00000, 0x00000000c1c00000| Untracked 
|   9|0x00000000c1d00000, 0x00000000c1e00000, 0x00000000c1e00000|100%| O|  |TAMS 0x00000000c1e00000, 0x00000000c1d00000| Untracked 
|  10|0x00000000c1e00000, 0x00000000c1f00000, 0x00000000c1f00000|100%| O|  |TAMS 0x00000000c1f00000, 0x00000000c1e00000| Untracked 
|  11|0x00000000c1f00000, 0x00000000c2000000, 0x00000000c2000000|100%| O|  |TAMS 0x00000000c2000000, 0x00000000c1f00000| Updating 
|  12|0x00000000c2000000, 0x00000000c2100000, 0x00000000c2100000|100%| O|  |TAMS 0x00000000c2100000, 0x00000000c2000000| Untracked 
|  13|0x00000000c2100000, 0x00000000c2200000, 0x00000000c2200000|100%| O|  |TAMS 0x00000000c2200000, 0x00000000c2100000| Untracked 
|  14|0x00000000c2200000, 0x00000000c2300000, 0x00000000c2300000|100%| O|  |TAMS 0x00000000c2300000, 0x00000000c2200000| Untracked 
|  15|0x00000000c2300000, 0x00000000c2400000, 0x00000000c2400000|100%| O|  |TAMS 0x00000000c2400000, 0x00000000c2300000| Untracked 
|  16|0x00000000c2400000, 0x00000000c2500000, 0x00000000c2500000|100%| O|  |TAMS 0x00000000c2500000, 0x00000000c2400000| Untracked 
|  17|0x00000000c2500000, 0x00000000c2600000, 0x00000000c2600000|100%| O|  |TAMS 0x00000000c2600000, 0x00000000c2500000| Untracked 
|  18|0x00000000c2600000, 0x00000000c2700000, 0x00000000c2700000|100%| O|  |TAMS 0x00000000c2700000, 0x00000000c2600000| Untracked 
|  19|0x00000000c2700000, 0x00000000c2800000, 0x00000000c2800000|100%| O|  |TAMS 0x00000000c2800000, 0x00000000c2700000| Untracked 
|  20|0x00000000c2800000, 0x00000000c2900000, 0x00000000c2900000|100%| O|  |TAMS 0x00000000c2900000, 0x00000000c2800000| Untracked 
|  21|0x00000000c2900000, 0x00000000c2a00000, 0x00000000c2a00000|100%| O|  |TAMS 0x00000000c2a00000, 0x00000000c2900000| Untracked 
|  22|0x00000000c2a00000, 0x00000000c2b00000, 0x00000000c2b00000|100%| O|  |TAMS 0x00000000c2b00000, 0x00000000c2a00000| Untracked 
|  23|0x00000000c2b00000, 0x00000000c2c00000, 0x00000000c2c00000|100%| O|  |TAMS 0x00000000c2b52200, 0x00000000c2b00000| Untracked 
|  24|0x00000000c2c00000, 0x00000000c2d00000, 0x00000000c2d00000|100%| O|  |TAMS 0x00000000c2c00000, 0x00000000c2c00000| Untracked 
|  25|0x00000000c2d00000, 0x00000000c2d3ca00, 0x00000000c2e00000| 23%| O|  |TAMS 0x00000000c2d00000, 0x00000000c2d00000| Updating 
|  26|0x00000000c2e00000, 0x00000000c2e00000, 0x00000000c2f00000|  0%| F|  |TAMS 0x00000000c2e00000, 0x00000000c2e00000| Untracked 
|  27|0x00000000c2f00000, 0x00000000c2f00000, 0x00000000c3000000|  0%| F|  |TAMS 0x00000000c2f00000, 0x00000000c2f00000| Untracked 
|  28|0x00000000c3000000, 0x00000000c3000000, 0x00000000c3100000|  0%| F|  |TAMS 0x00000000c3000000, 0x00000000c3000000| Untracked 
|  29|0x00000000c3100000, 0x00000000c3100000, 0x00000000c3200000|  0%| F|  |TAMS 0x00000000c3100000, 0x00000000c3100000| Untracked 
|  30|0x00000000c3200000, 0x00000000c3200000, 0x00000000c3300000|  0%| F|  |TAMS 0x00000000c3200000, 0x00000000c3200000| Untracked 
|  31|0x00000000c3300000, 0x00000000c3362560, 0x00000000c3400000| 38%| S|CS|TAMS 0x00000000c3300000, 0x00000000c3300000| Complete 
|  32|0x00000000c3400000, 0x00000000c3400000, 0x00000000c3500000|  0%| F|  |TAMS 0x00000000c3400000, 0x00000000c3400000| Untracked 
|  33|0x00000000c3500000, 0x00000000c3500000, 0x00000000c3600000|  0%| F|  |TAMS 0x00000000c3500000, 0x00000000c3500000| Untracked 
|  34|0x00000000c3600000, 0x00000000c3700000, 0x00000000c3700000|100%| S|CS|TAMS 0x00000000c3600000, 0x00000000c3600000| Complete 
|  35|0x00000000c3700000, 0x00000000c3700000, 0x00000000c3800000|  0%| F|  |TAMS 0x00000000c3700000, 0x00000000c3700000| Untracked 
|  36|0x00000000c3800000, 0x00000000c3800000, 0x00000000c3900000|  0%| F|  |TAMS 0x00000000c3800000, 0x00000000c3800000| Untracked 
|  37|0x00000000c3900000, 0x00000000c3900000, 0x00000000c3a00000|  0%| F|  |TAMS 0x00000000c3900000, 0x00000000c3900000| Untracked 
|  38|0x00000000c3a00000, 0x00000000c3a00000, 0x00000000c3b00000|  0%| F|  |TAMS 0x00000000c3a00000, 0x00000000c3a00000| Untracked 
|  39|0x00000000c3b00000, 0x00000000c3b00000, 0x00000000c3c00000|  0%| F|  |TAMS 0x00000000c3b00000, 0x00000000c3b00000| Untracked 
|  40|0x00000000c3c00000, 0x00000000c3c00000, 0x00000000c3d00000|  0%| F|  |TAMS 0x00000000c3c00000, 0x00000000c3c00000| Untracked 
|  41|0x00000000c3d00000, 0x00000000c3d00000, 0x00000000c3e00000|  0%| F|  |TAMS 0x00000000c3d00000, 0x00000000c3d00000| Untracked 
|  42|0x00000000c3e00000, 0x00000000c3e00000, 0x00000000c3f00000|  0%| F|  |TAMS 0x00000000c3e00000, 0x00000000c3e00000| Untracked 
|  53|0x00000000c4900000, 0x00000000c4900000, 0x00000000c4a00000|  0%| F|  |TAMS 0x00000000c4900000, 0x00000000c4900000| Untracked 
|  54|0x00000000c4a00000, 0x00000000c4a00000, 0x00000000c4b00000|  0%| F|  |TAMS 0x00000000c4a00000, 0x00000000c4a00000| Untracked 
|  55|0x00000000c4b00000, 0x00000000c4b00000, 0x00000000c4c00000|  0%| F|  |TAMS 0x00000000c4b00000, 0x00000000c4b00000| Untracked 
|  56|0x00000000c4c00000, 0x00000000c4c00000, 0x00000000c4d00000|  0%| F|  |TAMS 0x00000000c4c00000, 0x00000000c4c00000| Untracked 
|  63|0x00000000c5300000, 0x00000000c5400000, 0x00000000c5400000|100%| E|  |TAMS 0x00000000c5300000, 0x00000000c5300000| Complete 

Card table byte_map: [0x000001d3f8ab0000,0x000001d3f8cb0000] _byte_map_base: 0x000001d3f84a6000

Marking Bits (Prev, Next): (CMBitMap*) 0x000001d3f2439780, (CMBitMap*) 0x000001d3f2439740
 Prev Bits: [0x000001d3f9e60000, 0x000001d3fae10000)
 Next Bits: [0x000001d3f8eb0000, 0x000001d3f9e60000)

Polling page: 0x000001d3f0150000

Metaspace:

Usage:
  Non-class:     43.83 MB used.
      Class:      6.68 MB used.
       Both:     50.51 MB used.

Virtual space:
  Non-class space:       48.00 MB reserved,      44.00 MB ( 92%) committed,  6 nodes.
      Class space:        1.00 GB reserved,       6.88 MB ( <1%) committed,  1 nodes.
             Both:        1.05 GB reserved,      50.88 MB (  5%) committed. 

Chunk freelists:
   Non-Class:  3.83 MB
       Class:  1.02 MB
        Both:  4.85 MB

MaxMetaspaceSize: unlimited
CompressedClassSpaceSize: 1.00 GB
Initial GC threshold: 21.00 MB
Current GC threshold: 59.31 MB
CDS: off
MetaspaceReclaimPolicy: balanced
 - commit_granule_bytes: 65536.
 - commit_granule_words: 8192.
 - virtual_space_node_default_size: 1048576.
 - enlarge_chunks_in_place: 1.
 - new_chunks_are_fully_committed: 0.
 - uncommit_free_chunks: 1.
 - use_allocation_guard: 0.
 - handle_deallocations: 1.


Internal statistics:

num_allocs_failed_limit: 8.
num_arena_births: 450.
num_arena_deaths: 14.
num_vsnodes_births: 7.
num_vsnodes_deaths: 0.
num_space_committed: 814.
num_space_uncommitted: 0.
num_chunks_returned_to_freelist: 25.
num_chunks_taken_from_freelist: 2053.
num_chunk_merges: 11.
num_chunk_splits: 1415.
num_chunks_enlarged: 1052.
num_purges: 2.
num_inconsistent_stats: 0.

CodeCache: size=49152Kb used=8240Kb max_used=8422Kb free=40911Kb
 bounds [0x000001d3f5ab0000, 0x000001d3f62f0000, 0x000001d3f8ab0000]
 total_blobs=4928 nmethods=4392 adapters=463
 compilation: enabled
              stopped_count=0, restarted_count=0
 full_count=0

Compilation events (20 events):
Event: 22.192 Thread 0x000001d3fd2f12c0 4383       1       org.springframework.util.ClassUtils::hasMethod (47 bytes)
Event: 22.193 Thread 0x000001d3fd2f12c0 nmethod 4383 0x000001d3f5c09690 code [0x000001d3f5c09860, 0x000001d3f5c09b58]
Event: 22.195 Thread 0x000001d3fd2f12c0 4384       1       org.springframework.core.SerializableTypeWrapper$MethodParameterTypeProvider::getType (8 bytes)
Event: 22.195 Thread 0x000001d3fd2f12c0 nmethod 4384 0x000001d3f5c09310 code [0x000001d3f5c094a0, 0x000001d3f5c09588]
Event: 22.195 Thread 0x000001d3fd2f12c0 4385       1       org.springframework.core.MethodParameter::getGenericParameterType (147 bytes)
Event: 22.196 Thread 0x000001d3fd2f12c0 nmethod 4385 0x000001d3f5c08310 code [0x000001d3f5c08560, 0x000001d3f5c08eb8]
Event: 22.204 Thread 0x000001d3fd2f12c0 4386       1       org.springframework.aop.scope.ScopedProxyUtils::isScopedTarget (19 bytes)
Event: 22.204 Thread 0x000001d3fd2f12c0 nmethod 4386 0x000001d3f5c07f90 code [0x000001d3f5c08120, 0x000001d3f5c08228]
Event: 22.303 Thread 0x000001d3fd2f12c0 4387       1       java.util.LinkedHashMap$LinkedEntrySet::<init> (10 bytes)
Event: 22.303 Thread 0x000001d3fd2f12c0 nmethod 4387 0x000001d3f5c07c90 code [0x000001d3f5c07e20, 0x000001d3f5c07f38]
Event: 22.336 Thread 0x000001d3fd2f12c0 4388       1       java.lang.Class::copyFields (36 bytes)
Event: 22.337 Thread 0x000001d3fd2f12c0 nmethod 4388 0x000001d3f5c07390 code [0x000001d3f5c07560, 0x000001d3f5c079a8]
Event: 22.350 Thread 0x000001d3fd2f12c0 4389       1       java.util.regex.Pattern::skip (23 bytes)
Event: 22.350 Thread 0x000001d3fd2f12c0 nmethod 4389 0x000001d3f5c07010 code [0x000001d3f5c071a0, 0x000001d3f5c07298]
Event: 22.357 Thread 0x000001d3fd2f12c0 4390       1       org.springframework.core.MethodParameter::getContainingClass (18 bytes)
Event: 22.357 Thread 0x000001d3fd2f12c0 nmethod 4390 0x000001d3f5c06c90 code [0x000001d3f5c06e20, 0x000001d3f5c06f28]
Event: 22.369 Thread 0x000001d3fd2f12c0 4391       1       org.springframework.context.support.GenericApplicationContext::getClassLoader (29 bytes)
Event: 22.369 Thread 0x000001d3fd2f12c0 nmethod 4391 0x000001d3f5c06890 code [0x000001d3f5c06a40, 0x000001d3f5c06b98]
Event: 22.405 Thread 0x000001d3fd2f12c0 4392       1       java.lang.ThreadLocal::initialValue (2 bytes)
Event: 22.405 Thread 0x000001d3fd2f12c0 nmethod 4392 0x000001d3f5c06590 code [0x000001d3f5c06720, 0x000001d3f5c067f8]

GC Heap History (20 events):
Event: 5.313 GC heap before
{Heap before GC invocations=8 (full 0):
 garbage-first heap   total 40960K, used 27630K [0x00000000c1400000, 0x0000000100000000)
  region size 1024K, 19 young (19456K), 3 survivors (3072K)
 Metaspace       used 31239K, committed 31616K, reserved 1081344K
  class space    used 3826K, committed 4032K, reserved 1048576K
}
Event: 5.318 GC heap after
{Heap after GC invocations=9 (full 0):
 garbage-first heap   total 40960K, used 13720K [0x00000000c1400000, 0x0000000100000000)
  region size 1024K, 3 young (3072K), 3 survivors (3072K)
 Metaspace       used 31239K, committed 31616K, reserved 1081344K
  class space    used 3826K, committed 4032K, reserved 1048576K
}
Event: 5.962 GC heap before
{Heap before GC invocations=9 (full 0):
 garbage-first heap   total 40960K, used 28056K [0x00000000c1400000, 0x0000000100000000)
  region size 1024K, 18 young (18432K), 3 survivors (3072K)
 Metaspace       used 33153K, committed 33472K, reserved 1081344K
  class space    used 4149K, committed 4288K, reserved 1048576K
}
Event: 5.969 GC heap after
{Heap after GC invocations=10 (full 0):
 garbage-first heap   total 40960K, used 15350K [0x00000000c1400000, 0x0000000100000000)
  region size 1024K, 3 young (3072K), 3 survivors (3072K)
 Metaspace       used 33153K, committed 33472K, reserved 1081344K
  class space    used 4149K, committed 4288K, reserved 1048576K
}
Event: 6.775 GC heap before
{Heap before GC invocations=10 (full 0):
 garbage-first heap   total 40960K, used 28662K [0x00000000c1400000, 0x0000000100000000)
  region size 1024K, 17 young (17408K), 3 survivors (3072K)
 Metaspace       used 35269K, committed 35648K, reserved 1081344K
  class space    used 4380K, committed 4544K, reserved 1048576K
}
Event: 6.781 GC heap after
{Heap after GC invocations=11 (full 0):
 garbage-first heap   total 49152K, used 17229K [0x00000000c1400000, 0x0000000100000000)
  region size 1024K, 2 young (2048K), 2 survivors (2048K)
 Metaspace       used 35269K, committed 35648K, reserved 1081344K
  class space    used 4380K, committed 4544K, reserved 1048576K
}
Event: 7.253 GC heap before
{Heap before GC invocations=11 (full 0):
 garbage-first heap   total 49152K, used 24397K [0x00000000c1400000, 0x0000000100000000)
  region size 1024K, 11 young (11264K), 2 survivors (2048K)
 Metaspace       used 35810K, committed 36096K, reserved 1081344K
  class space    used 4454K, committed 4608K, reserved 1048576K
}
Event: 7.261 GC heap after
{Heap after GC invocations=12 (full 0):
 garbage-first heap   total 49152K, used 17272K [0x00000000c1400000, 0x0000000100000000)
  region size 1024K, 2 young (2048K), 2 survivors (2048K)
 Metaspace       used 35810K, committed 36096K, reserved 1081344K
  class space    used 4454K, committed 4608K, reserved 1048576K
}
Event: 8.357 GC heap before
{Heap before GC invocations=13 (full 0):
 garbage-first heap   total 49152K, used 35704K [0x00000000c1400000, 0x0000000100000000)
  region size 1024K, 21 young (21504K), 2 survivors (2048K)
 Metaspace       used 39078K, committed 39424K, reserved 1089536K
  class space    used 4904K, committed 5056K, reserved 1048576K
}
Event: 8.362 GC heap after
{Heap after GC invocations=14 (full 0):
 garbage-first heap   total 49152K, used 18625K [0x00000000c1400000, 0x0000000100000000)
  region size 1024K, 2 young (2048K), 2 survivors (2048K)
 Metaspace       used 39078K, committed 39424K, reserved 1089536K
  class space    used 4904K, committed 5056K, reserved 1048576K
}
Event: 11.762 GC heap before
{Heap before GC invocations=14 (full 0):
 garbage-first heap   total 49152K, used 37057K [0x00000000c1400000, 0x0000000100000000)
  region size 1024K, 20 young (20480K), 2 survivors (2048K)
 Metaspace       used 44577K, committed 45056K, reserved 1089536K
  class space    used 5771K, committed 6016K, reserved 1048576K
}
Event: 11.767 GC heap after
{Heap after GC invocations=15 (full 0):
 garbage-first heap   total 49152K, used 19692K [0x00000000c1400000, 0x0000000100000000)
  region size 1024K, 3 young (3072K), 3 survivors (3072K)
 Metaspace       used 44577K, committed 45056K, reserved 1089536K
  class space    used 5771K, committed 6016K, reserved 1048576K
}
Event: 15.188 GC heap before
{Heap before GC invocations=15 (full 0):
 garbage-first heap   total 49152K, used 36076K [0x00000000c1400000, 0x0000000100000000)
  region size 1024K, 20 young (20480K), 3 survivors (3072K)
 Metaspace       used 48584K, committed 49024K, reserved 1097728K
  class space    used 6344K, committed 6592K, reserved 1048576K
}
Event: 15.194 GC heap after
{Heap after GC invocations=16 (full 0):
 garbage-first heap   total 49152K, used 20949K [0x00000000c1400000, 0x0000000100000000)
  region size 1024K, 3 young (3072K), 3 survivors (3072K)
 Metaspace       used 48584K, committed 49024K, reserved 1097728K
  class space    used 6344K, committed 6592K, reserved 1048576K
}
Event: 16.189 GC heap before
{Heap before GC invocations=16 (full 0):
 garbage-first heap   total 49152K, used 37333K [0x00000000c1400000, 0x0000000100000000)
  region size 1024K, 19 young (19456K), 3 survivors (3072K)
 Metaspace       used 49253K, committed 49664K, reserved 1097728K
  class space    used 6450K, committed 6656K, reserved 1048576K
}
Event: 16.199 GC heap after
{Heap after GC invocations=17 (full 0):
 garbage-first heap   total 49152K, used 22845K [0x00000000c1400000, 0x0000000100000000)
  region size 1024K, 3 young (3072K), 3 survivors (3072K)
 Metaspace       used 49253K, committed 49664K, reserved 1097728K
  class space    used 6450K, committed 6656K, reserved 1048576K
}
Event: 21.679 GC heap before
{Heap before GC invocations=17 (full 0):
 garbage-first heap   total 49152K, used 37181K [0x00000000c1400000, 0x0000000100000000)
  region size 1024K, 17 young (17408K), 3 survivors (3072K)
 Metaspace       used 50318K, committed 50752K, reserved 1097728K
  class space    used 6628K, committed 6848K, reserved 1048576K
}
Event: 21.686 GC heap after
{Heap after GC invocations=18 (full 0):
 garbage-first heap   total 49152K, used 24893K [0x00000000c1400000, 0x0000000100000000)
  region size 1024K, 2 young (2048K), 2 survivors (2048K)
 Metaspace       used 50318K, committed 50752K, reserved 1097728K
  class space    used 6628K, committed 6848K, reserved 1048576K
}
Event: 22.343 GC heap before
{Heap before GC invocations=18 (full 0):
 garbage-first heap   total 49152K, used 38205K [0x00000000c1400000, 0x0000000100000000)
  region size 1024K, 15 young (15360K), 2 survivors (2048K)
 Metaspace       used 51716K, committed 52096K, reserved 1097728K
  class space    used 6842K, committed 7040K, reserved 1048576K
}
Event: 22.348 GC heap after
{Heap after GC invocations=19 (full 0):
 garbage-first heap   total 49152K, used 26279K [0x00000000c1400000, 0x0000000100000000)
  region size 1024K, 2 young (2048K), 2 survivors (2048K)
 Metaspace       used 51716K, committed 52096K, reserved 1097728K
  class space    used 6842K, committed 7040K, reserved 1048576K
}

Deoptimization events (16 events):
Event: 2.002 Thread 0x000001d3f23fe160 DEOPT PACKING pc=0x000001d3f5ce2875 sp=0x0000005d9b6fd5e0
Event: 2.002 Thread 0x000001d3f23fe160 DEOPT UNPACKING pc=0x000001d3f5b02b43 sp=0x0000005d9b6fca38 mode 3
Event: 3.170 Thread 0x000001d3fe7af930 DEOPT PACKING pc=0x000001d3f5f3f919 sp=0x0000005d9d5fc6e0
Event: 3.170 Thread 0x000001d3fe7af930 DEOPT UNPACKING pc=0x000001d3f5b02b43 sp=0x0000005d9d5fbbc0 mode 3
Event: 5.194 Thread 0x000001d3fe7af930 DEOPT PACKING pc=0x000001d3f619df75 sp=0x0000005d9d5fc1a0
Event: 5.194 Thread 0x000001d3fe7af930 DEOPT UNPACKING pc=0x000001d3f5b02b43 sp=0x0000005d9d5fb610 mode 3
Event: 7.247 Thread 0x000001d3fe7af930 DEOPT PACKING pc=0x000001d3f62b537d sp=0x0000005d9d5fbb00
Event: 7.247 Thread 0x000001d3fe7af930 DEOPT UNPACKING pc=0x000001d3f5b02b43 sp=0x0000005d9d5fb068 mode 3
Event: 7.624 Thread 0x000001d3fe7af930 DEOPT PACKING pc=0x000001d3f5f6d405 sp=0x0000005d9d5f6a10
Event: 7.624 Thread 0x000001d3fe7af930 DEOPT UNPACKING pc=0x000001d3f5b02b43 sp=0x0000005d9d5f5f70 mode 3
Event: 19.098 Thread 0x000001d3fe7af930 DEOPT PACKING pc=0x000001d3f5f5ee14 sp=0x0000005d9d5f9580
Event: 19.098 Thread 0x000001d3fe7af930 DEOPT UNPACKING pc=0x000001d3f5b02b43 sp=0x0000005d9d5f8ad8 mode 0
Event: 22.163 Thread 0x000001d3fe7af930 DEOPT PACKING pc=0x000001d3f5f54c42 sp=0x0000005d9d5fbbe0
Event: 22.163 Thread 0x000001d3fe7af930 DEOPT UNPACKING pc=0x000001d3f5b02b43 sp=0x0000005d9d5fb0e8 mode 3
Event: 22.164 Thread 0x000001d3fe7af930 DEOPT PACKING pc=0x000001d3f5f323c5 sp=0x0000005d9d5fbba0
Event: 22.164 Thread 0x000001d3fe7af930 DEOPT UNPACKING pc=0x000001d3f5b02b43 sp=0x0000005d9d5fb0e8 mode 3

Classes unloaded (7 events):
Event: 22.416 Thread 0x000001d3fd2b00f0 Unloading class 0x0000000100140800 'java/lang/invoke/LambdaForm$DMH+0x0000000100140800'
Event: 22.416 Thread 0x000001d3fd2b00f0 Unloading class 0x0000000100140000 'java/lang/invoke/LambdaForm$DMH+0x0000000100140000'
Event: 22.416 Thread 0x000001d3fd2b00f0 Unloading class 0x00000001000c6c00 'jdk/internal/reflect/GeneratedConstructorAccessor1'
Event: 22.416 Thread 0x000001d3fd2b00f0 Unloading class 0x00000001000c6000 'java/lang/invoke/LambdaForm$MH+0x00000001000c6000'
Event: 22.416 Thread 0x000001d3fd2b00f0 Unloading class 0x00000001000c5c00 'java/lang/invoke/LambdaForm$MH+0x00000001000c5c00'
Event: 22.416 Thread 0x000001d3fd2b00f0 Unloading class 0x00000001000c5800 'java/lang/invoke/LambdaForm$MH+0x00000001000c5800'
Event: 22.416 Thread 0x000001d3fd2b00f0 Unloading class 0x00000001000c5400 'java/lang/invoke/LambdaForm$MH+0x00000001000c5400'

Classes redefined (0 events):
No events

Internal exceptions (20 events):
Event: 22.317 Thread 0x000001d3fe7af930 Exception <a 'java/lang/ClassNotFoundException'{0x00000000c375e640}: org/springframework/beans/factory/AwareCustomizer> (0x00000000c375e640) 
thrown [e:\jenkins\tmp\workspace\build\src\src\hotspot\share\classfile\systemDictionary.cpp, line 256]
Event: 22.341 Thread 0x000001d3fe7af930 Exception <a 'java/lang/ClassNotFoundException'{0x00000000c37e0738}: java/lang/ObjectCustomizer> (0x00000000c37e0738) 
thrown [e:\jenkins\tmp\workspace\build\src\src\hotspot\share\classfile\systemDictionary.cpp, line 256]
Event: 22.342 Thread 0x000001d3fe7af930 Exception <a 'java/lang/ClassNotFoundException'{0x00000000c37e93c0}: org/springframework/context/support/ApplicationObjectSupportCustomizer> (0x00000000c37e93c0) 
thrown [e:\jenkins\tmp\workspace\build\src\src\hotspot\share\classfile\systemDictionary.cpp, line 256]
Event: 22.342 Thread 0x000001d3fe7af930 Exception <a 'java/lang/ClassNotFoundException'{0x00000000c37f1b58}: org/springframework/web/context/support/WebApplicationObjectSupportCustomizer> (0x00000000c37f1b58) 
thrown [e:\jenkins\tmp\workspace\build\src\src\hotspot\share\classfile\systemDictionary.cpp, line 256]
Event: 22.343 Thread 0x000001d3fe7af930 Exception <a 'java/lang/ClassNotFoundException'{0x00000000c37f8f80}: org/springframework/web/servlet/handler/AbstractHandlerMappingCustomizer> (0x00000000c37f8f80) 
thrown [e:\jenkins\tmp\workspace\build\src\src\hotspot\share\classfile\systemDictionary.cpp, line 256]
Event: 22.351 Thread 0x000001d3fe7af930 Exception <a 'java/lang/ClassNotFoundException'{0x00000000c53123c0}: org/springframework/web/servlet/handler/AbstractUrlHandlerMappingCustomizer> (0x00000000c53123c0) 
thrown [e:\jenkins\tmp\workspace\build\src\src\hotspot\share\classfile\systemDictionary.cpp, line 256]
Event: 22.356 Thread 0x000001d3fe7af930 Exception <a 'java/lang/ClassNotFoundException'{0x00000000c5330488}: org/springframework/boot/autoconfigure/web/servlet/WelcomePageHandlerMappingCustomizer> (0x00000000c5330488) 
thrown [e:\jenkins\tmp\workspace\build\src\src\hotspot\share\classfile\systemDictionary.cpp, line 256]
Event: 22.358 Thread 0x000001d3fe7af930 Exception <a 'java/lang/ClassNotFoundException'{0x00000000c534dc08}: org/springframework/web/servlet/handler/MatchableHandlerMappingCustomizer> (0x00000000c534dc08) 
thrown [e:\jenkins\tmp\workspace\build\src\src\hotspot\share\classfile\systemDictionary.cpp, line 256]
Event: 22.359 Thread 0x000001d3fe7af930 Exception <a 'java/lang/ClassNotFoundException'{0x00000000c5354d60}: org/springframework/web/servlet/HandlerMappingCustomizer> (0x00000000c5354d60) 
thrown [e:\jenkins\tmp\workspace\build\src\src\hotspot\share\classfile\systemDictionary.cpp, line 256]
Event: 22.360 Thread 0x000001d3fe7af930 Exception <a 'java/lang/ClassNotFoundException'{0x00000000c535b470}: org/springframework/web/servlet/HandlerMappingCustomizer> (0x00000000c535b470) 
thrown [e:\jenkins\tmp\workspace\build\src\src\hotspot\share\classfile\systemDictionary.cpp, line 256]
Event: 22.360 Thread 0x000001d3fe7af930 Exception <a 'java/lang/ClassNotFoundException'{0x00000000c5361388}: org/springframework/core/OrderedCustomizer> (0x00000000c5361388) 
thrown [e:\jenkins\tmp\workspace\build\src\src\hotspot\share\classfile\systemDictionary.cpp, line 256]
Event: 22.361 Thread 0x000001d3fe7af930 Exception <a 'java/lang/ClassNotFoundException'{0x00000000c5367478}: org/springframework/beans/factory/BeanNameAwareCustomizer> (0x00000000c5367478) 
thrown [e:\jenkins\tmp\workspace\build\src\src\hotspot\share\classfile\systemDictionary.cpp, line 256]
Event: 22.362 Thread 0x000001d3fe7af930 Exception <a 'java/lang/ClassNotFoundException'{0x00000000c536d598}: org/springframework/beans/factory/AwareCustomizer> (0x00000000c536d598) 
thrown [e:\jenkins\tmp\workspace\build\src\src\hotspot\share\classfile\systemDictionary.cpp, line 256]
Event: 22.362 Thread 0x000001d3fe7af930 Exception <a 'java/lang/ClassNotFoundException'{0x00000000c5372b80}: org/springframework/web/context/ServletContextAwareCustomizer> (0x00000000c5372b80) 
thrown [e:\jenkins\tmp\workspace\build\src\src\hotspot\share\classfile\systemDictionary.cpp, line 256]
Event: 22.363 Thread 0x000001d3fe7af930 Exception <a 'java/lang/ClassNotFoundException'{0x00000000c5378d18}: org/springframework/beans/factory/AwareCustomizer> (0x00000000c5378d18) 
thrown [e:\jenkins\tmp\workspace\build\src\src\hotspot\share\classfile\systemDictionary.cpp, line 256]
Event: 22.364 Thread 0x000001d3fe7af930 Exception <a 'java/lang/ClassNotFoundException'{0x00000000c537e2d8}: org/springframework/context/ApplicationContextAwareCustomizer> (0x00000000c537e2d8) 
thrown [e:\jenkins\tmp\workspace\build\src\src\hotspot\share\classfile\systemDictionary.cpp, line 256]
Event: 22.365 Thread 0x000001d3fe7af930 Exception <a 'java/lang/ClassNotFoundException'{0x00000000c5384b20}: org/springframework/beans/factory/AwareCustomizer> (0x00000000c5384b20) 
thrown [e:\jenkins\tmp\workspace\build\src\src\hotspot\share\classfile\systemDictionary.cpp, line 256]
Event: 22.402 Thread 0x000001d3fe7af930 Exception <a 'java/lang/ClassNotFoundException'{0x00000000c53bfc38}: java/lang/ObjectCustomizer> (0x00000000c53bfc38) 
thrown [e:\jenkins\tmp\workspace\build\src\src\hotspot\share\classfile\systemDictionary.cpp, line 256]
Event: 22.403 Thread 0x000001d3fe7af930 Exception <a 'java/lang/ClassNotFoundException'{0x00000000c53c8b08}: org/springframework/web/servlet/i18n/AcceptHeaderLocaleResolverCustomizer> (0x00000000c53c8b08) 
thrown [e:\jenkins\tmp\workspace\build\src\src\hotspot\share\classfile\systemDictionary.cpp, line 256]
Event: 22.404 Thread 0x000001d3fe7af930 Exception <a 'java/lang/ClassNotFoundException'{0x00000000c53d5748}: org/springframework/web/servlet/LocaleResolverCustomizer> (0x00000000c53d5748) 
thrown [e:\jenkins\tmp\workspace\build\src\src\hotspot\share\classfile\systemDictionary.cpp, line 256]

VM Operations (20 events):
Event: 19.097 Executing VM operation: Cleanup done
Event: 19.184 Executing VM operation: HandshakeAllThreads
Event: 19.184 Executing VM operation: HandshakeAllThreads done
Event: 19.184 Executing VM operation: HandshakeAllThreads
Event: 19.184 Executing VM operation: HandshakeAllThreads done
Event: 20.185 Executing VM operation: Cleanup
Event: 20.185 Executing VM operation: Cleanup done
Event: 21.351 Executing VM operation: HandshakeAllThreads
Event: 21.352 Executing VM operation: HandshakeAllThreads done
Event: 21.352 Executing VM operation: Cleanup
Event: 21.352 Executing VM operation: Cleanup done
Event: 21.679 Executing VM operation: G1CollectForAllocation
Event: 21.686 Executing VM operation: G1CollectForAllocation done
Event: 22.121 Executing VM operation: HandshakeAllThreads
Event: 22.121 Executing VM operation: HandshakeAllThreads done
Event: 22.229 Executing VM operation: HandshakeAllThreads
Event: 22.229 Executing VM operation: HandshakeAllThreads done
Event: 22.343 Executing VM operation: G1CollectForAllocation
Event: 22.349 Executing VM operation: G1CollectForAllocation done
Event: 22.416 Executing VM operation: G1Concurrent

Events (20 events):
Event: 22.305 loading class java/util/stream/ReduceOps$5
Event: 22.306 loading class java/util/stream/ReduceOps$5 done
Event: 22.306 loading class java/util/stream/ReduceOps$CountingSink$OfRef
Event: 22.306 loading class java/util/stream/ReduceOps$CountingSink$OfRef done
Event: 22.307 loading class java/lang/ObjectCustomizer
Event: 22.307 loading class java/lang/ObjectCustomizer done
Event: 22.307 loading class java/lang/ObjectCustomizer
Event: 22.307 loading class java/lang/ObjectCustomizer done
Event: 22.315 loading class java/util/EventListenerCustomizer
Event: 22.315 loading class java/util/EventListenerCustomizer done
Event: 22.315 loading class java/util/EventListenerCustomizer
Event: 22.315 loading class java/util/EventListenerCustomizer done
Event: 22.341 loading class java/lang/ObjectCustomizer
Event: 22.341 loading class java/lang/ObjectCustomizer done
Event: 22.341 loading class java/lang/ObjectCustomizer
Event: 22.341 loading class java/lang/ObjectCustomizer done
Event: 22.402 loading class java/lang/ObjectCustomizer
Event: 22.402 loading class java/lang/ObjectCustomizer done
Event: 22.402 loading class java/lang/ObjectCustomizer
Event: 22.402 loading class java/lang/ObjectCustomizer done


Dynamic libraries:
0x00007ff649a10000 - 0x00007ff649a1e000 	C:\Users\user\Downloads\sts-4.15.2.RELEASE\plugins\org.eclipse.justj.openjdk.hotspot.jre.full.win32.x86_64_17.0.3.v20220515-1416\jre\bin\javaw.exe
0x00007ff8291d0000 - 0x00007ff8293c8000 	C:\WINDOWS\SYSTEM32\ntdll.dll
0x00007ff8290d0000 - 0x00007ff82918d000 	C:\WINDOWS\System32\KERNEL32.DLL
0x00007ff826f60000 - 0x00007ff82722e000 	C:\WINDOWS\System32\KERNELBASE.dll
0x00007ff826e60000 - 0x00007ff826f60000 	C:\WINDOWS\System32\ucrtbase.dll
0x00007ff81d490000 - 0x00007ff81d4a8000 	C:\Users\user\Downloads\sts-4.15.2.RELEASE\plugins\org.eclipse.justj.openjdk.hotspot.jre.full.win32.x86_64_17.0.3.v20220515-1416\jre\bin\jli.dll
0x00007ff828930000 - 0x00007ff828ad0000 	C:\WINDOWS\System32\USER32.dll
0x00007ff826aa0000 - 0x00007ff826ac2000 	C:\WINDOWS\System32\win32u.dll
0x00007ff827a10000 - 0x00007ff827a3a000 	C:\WINDOWS\System32\GDI32.dll
0x00007ff826990000 - 0x00007ff826a9b000 	C:\WINDOWS\System32\gdi32full.dll
0x00007ff826d70000 - 0x00007ff826e0d000 	C:\WINDOWS\System32\msvcp_win.dll
0x00007ff8174e0000 - 0x00007ff8174f9000 	C:\Users\user\Downloads\sts-4.15.2.RELEASE\plugins\org.eclipse.justj.openjdk.hotspot.jre.full.win32.x86_64_17.0.3.v20220515-1416\jre\bin\VCRUNTIME140.dll
0x00007ff813a20000 - 0x00007ff813cba000 	C:\WINDOWS\WinSxS\amd64_microsoft.windows.common-controls_6595b64144ccf1df_6.0.19041.1110_none_60b5254171f9507e\COMCTL32.dll
0x00007ff828ad0000 - 0x00007ff828b6e000 	C:\WINDOWS\System32\msvcrt.dll
0x00007ff828b90000 - 0x00007ff828bc0000 	C:\WINDOWS\System32\IMM32.DLL
0x00007ff820700000 - 0x00007ff82070c000 	C:\Users\user\Downloads\sts-4.15.2.RELEASE\plugins\org.eclipse.justj.openjdk.hotspot.jre.full.win32.x86_64_17.0.3.v20220515-1416\jre\bin\vcruntime140_1.dll
0x00007ffffdd20000 - 0x00007ffffddb1000 	C:\Users\user\Downloads\sts-4.15.2.RELEASE\plugins\org.eclipse.justj.openjdk.hotspot.jre.full.win32.x86_64_17.0.3.v20220515-1416\jre\bin\msvcp140.dll
0x00007ffff9940000 - 0x00007ffffa588000 	C:\Users\user\Downloads\sts-4.15.2.RELEASE\plugins\org.eclipse.justj.openjdk.hotspot.jre.full.win32.x86_64_17.0.3.v20220515-1416\jre\bin\server\jvm.dll
0x00007ff827830000 - 0x00007ff8278de000 	C:\WINDOWS\System32\ADVAPI32.dll
0x00007ff827790000 - 0x00007ff82782c000 	C:\WINDOWS\System32\sechost.dll
0x00007ff8273d0000 - 0x00007ff8274f5000 	C:\WINDOWS\System32\RPCRT4.dll
0x00007ff827360000 - 0x00007ff827368000 	C:\WINDOWS\System32\PSAPI.DLL
0x00007ff814220000 - 0x00007ff814229000 	C:\WINDOWS\SYSTEM32\WSOCK32.dll
0x00007ff828c50000 - 0x00007ff828cbb000 	C:\WINDOWS\System32\WS2_32.dll
0x00007ff820710000 - 0x00007ff820737000 	C:\WINDOWS\SYSTEM32\WINMM.dll
0x00007ff81fdf0000 - 0x00007ff81fdfa000 	C:\WINDOWS\SYSTEM32\VERSION.dll
0x00007ff825170000 - 0x00007ff825182000 	C:\WINDOWS\SYSTEM32\kernel.appcore.dll
0x00007ff8206f0000 - 0x00007ff8206fa000 	C:\Users\user\Downloads\sts-4.15.2.RELEASE\plugins\org.eclipse.justj.openjdk.hotspot.jre.full.win32.x86_64_17.0.3.v20220515-1416\jre\bin\jimage.dll
0x00007ff824e10000 - 0x00007ff824ff4000 	C:\WINDOWS\SYSTEM32\DBGHELP.DLL
0x00007ff81d1f0000 - 0x00007ff81d21c000 	C:\WINDOWS\SYSTEM32\dbgcore.DLL
0x00007ff826ad0000 - 0x00007ff826b52000 	C:\WINDOWS\System32\bcryptPrimitives.dll
0x00007ff817780000 - 0x00007ff8177a5000 	C:\Users\user\Downloads\sts-4.15.2.RELEASE\plugins\org.eclipse.justj.openjdk.hotspot.jre.full.win32.x86_64_17.0.3.v20220515-1416\jre\bin\java.dll
0x00007ff81eff0000 - 0x00007ff81f008000 	C:\Users\user\Downloads\sts-4.15.2.RELEASE\plugins\org.eclipse.justj.openjdk.hotspot.jre.full.win32.x86_64_17.0.3.v20220515-1416\jre\bin\zip.dll
0x00007ff8281e0000 - 0x00007ff828924000 	C:\WINDOWS\System32\SHELL32.dll
0x00007ff824660000 - 0x00007ff824df4000 	C:\WINDOWS\SYSTEM32\windows.storage.dll
0x00007ff828cc0000 - 0x00007ff829014000 	C:\WINDOWS\System32\combase.dll
0x00007ff826270000 - 0x00007ff8262a0000 	C:\WINDOWS\SYSTEM32\Wldp.dll
0x00007ff829020000 - 0x00007ff8290cd000 	C:\WINDOWS\System32\SHCORE.dll
0x00007ff827580000 - 0x00007ff8275d5000 	C:\WINDOWS\System32\shlwapi.dll
0x00007ff826830000 - 0x00007ff82684f000 	C:\WINDOWS\SYSTEM32\profapi.dll
0x00007ff81e610000 - 0x00007ff81e629000 	C:\Users\user\Downloads\sts-4.15.2.RELEASE\plugins\org.eclipse.justj.openjdk.hotspot.jre.full.win32.x86_64_17.0.3.v20220515-1416\jre\bin\net.dll
0x00007ff81c280000 - 0x00007ff81c38a000 	C:\WINDOWS\SYSTEM32\WINHTTP.dll
0x00007ff826050000 - 0x00007ff8260ba000 	C:\WINDOWS\system32\mswsock.dll
0x00007ff81e3f0000 - 0x00007ff81e405000 	C:\Users\user\Downloads\sts-4.15.2.RELEASE\plugins\org.eclipse.justj.openjdk.hotspot.jre.full.win32.x86_64_17.0.3.v20220515-1416\jre\bin\nio.dll
0x00007ff81e3c0000 - 0x00007ff81e3c9000 	C:\Users\user\Downloads\sts-4.15.2.RELEASE\plugins\org.eclipse.justj.openjdk.hotspot.jre.full.win32.x86_64_17.0.3.v20220515-1416\jre\bin\management.dll
0x00007ff81dec0000 - 0x00007ff81decb000 	C:\Users\user\Downloads\sts-4.15.2.RELEASE\plugins\org.eclipse.justj.openjdk.hotspot.jre.full.win32.x86_64_17.0.3.v20220515-1416\jre\bin\management_ext.dll
0x00007ff80dc50000 - 0x00007ff80dc67000 	C:\WINDOWS\system32\napinsp.dll
0x00007ff80dc30000 - 0x00007ff80dc4b000 	C:\WINDOWS\system32\pnrpnsp.dll
0x00007ff820fa0000 - 0x00007ff820fb5000 	C:\WINDOWS\system32\wshbth.dll
0x00007ff81efd0000 - 0x00007ff81efed000 	C:\WINDOWS\system32\NLAapi.dll
0x00007ff825d10000 - 0x00007ff825d4b000 	C:\WINDOWS\SYSTEM32\IPHLPAPI.DLL
0x00007ff825d50000 - 0x00007ff825e1b000 	C:\WINDOWS\SYSTEM32\DNSAPI.dll
0x00007ff827a40000 - 0x00007ff827a48000 	C:\WINDOWS\System32\NSI.dll
0x00007ff80d8a0000 - 0x00007ff80d8b2000 	C:\WINDOWS\System32\winrnr.dll
0x00007ff8168e0000 - 0x00007ff8168ea000 	C:\Windows\System32\rasadhlp.dll
0x00007ff8168f0000 - 0x00007ff816970000 	C:\WINDOWS\System32\fwpuclnt.dll
0x00007ff826960000 - 0x00007ff826987000 	C:\WINDOWS\System32\bcrypt.dll
0x00007ff8265a0000 - 0x00007ff8265b8000 	C:\WINDOWS\SYSTEM32\CRYPTSP.dll
0x00007ff825980000 - 0x00007ff8259b4000 	C:\WINDOWS\system32\rsaenh.dll
0x00007ff8267f0000 - 0x00007ff82681e000 	C:\WINDOWS\SYSTEM32\USERENV.dll
0x00007ff8261e0000 - 0x00007ff8261ec000 	C:\WINDOWS\SYSTEM32\CRYPTBASE.dll
0x00007ff81d6f0000 - 0x00007ff81d707000 	C:\WINDOWS\SYSTEM32\dhcpcsvc6.DLL
0x00007ff81e630000 - 0x00007ff81e64d000 	C:\WINDOWS\SYSTEM32\dhcpcsvc.DLL
0x00007ff8204c0000 - 0x00007ff8204d0000 	C:\Users\user\Downloads\sts-4.15.2.RELEASE\plugins\org.eclipse.justj.openjdk.hotspot.jre.full.win32.x86_64_17.0.3.v20220515-1416\jre\bin\verify.dll
0x00007ff81f030000 - 0x00007ff81f03e000 	C:\Users\user\Downloads\sts-4.15.2.RELEASE\plugins\org.eclipse.justj.openjdk.hotspot.jre.full.win32.x86_64_17.0.3.v20220515-1416\jre\bin\sunmscapi.dll
0x00007ff826b60000 - 0x00007ff826cb6000 	C:\WINDOWS\System32\CRYPT32.dll
0x00007ff8262e0000 - 0x00007ff826307000 	C:\WINDOWS\SYSTEM32\ncrypt.dll
0x00007ff8262a0000 - 0x00007ff8262db000 	C:\WINDOWS\SYSTEM32\NTASN1.dll

dbghelp: loaded successfully - version: 4.0.5 - missing functions: none
symbol engine: initialized successfully - sym options: 0x614 - pdb path: .;C:\Users\user\Downloads\sts-4.15.2.RELEASE\plugins\org.eclipse.justj.openjdk.hotspot.jre.full.win32.x86_64_17.0.3.v20220515-1416\jre\bin;C:\WINDOWS\SYSTEM32;C:\WINDOWS\WinSxS\amd64_microsoft.windows.common-controls_6595b64144ccf1df_6.0.19041.1110_none_60b5254171f9507e;C:\Users\user\Downloads\sts-4.15.2.RELEASE\plugins\org.eclipse.justj.openjdk.hotspot.jre.full.win32.x86_64_17.0.3.v20220515-1416\jre\bin\server

VM Arguments:
jvm_args: -Dcom.sun.management.jmxremote -Dcom.sun.management.jmxremote.port=56406 -Dcom.sun.management.jmxremote.authenticate=false -Dcom.sun.management.jmxremote.ssl=false -Djava.rmi.server.hostname=localhost -Dspring.jmx.enabled=true -Dspring.application.admin.enabled=true -XX:TieredStopAtLevel=1 -Dspring.boot.project.name=customers -Dfile.encoding=UTF-8 -XX:+ShowCodeDetailsInExceptionMessages 
java_command: com.example.customers.CustomersApplication --spring.output.ansi.enabled=always
java_class_path (initial): C:\Users\user\Desktop\springbootprojects\customers\target\classes;C:\Users\user\.m2\repository\org\springframework\boot\spring-boot-starter-data-jpa\2.7.2\spring-boot-starter-data-jpa-2.7.2.jar;C:\Users\user\.m2\repository\org\springframework\boot\spring-boot-starter-aop\2.7.2\spring-boot-starter-aop-2.7.2.jar;C:\Users\user\.m2\repository\org\springframework\spring-aop\5.3.22\spring-aop-5.3.22.jar;C:\Users\user\.m2\repository\org\aspectj\aspectjweaver\1.9.7\aspectjweaver-1.9.7.jar;C:\Users\user\.m2\repository\org\springframework\boot\spring-boot-starter-jdbc\2.7.2\spring-boot-starter-jdbc-2.7.2.jar;C:\Users\user\.m2\repository\com\zaxxer\HikariCP\4.0.3\HikariCP-4.0.3.jar;C:\Users\user\.m2\repository\org\springframework\spring-jdbc\5.3.22\spring-jdbc-5.3.22.jar;C:\Users\user\.m2\repository\jakarta\transaction\jakarta.transaction-api\1.3.3\jakarta.transaction-api-1.3.3.jar;C:\Users\user\.m2\repository\jakarta\persistence\jakarta.persistence-api\2.2.3\jakarta.persistence-api-2.2.3.jar;C:\Users\user\.m2\repository\org\hibernate\hibernate-core\5.6.10.Final\hibernate-core-5.6.10.Final.jar;C:\Users\user\.m2\repository\org\jboss\logging\jboss-logging\3.4.3.Final\jboss-logging-3.4.3.Final.jar;C:\Users\user\.m2\repository\net\bytebuddy\byte-buddy\1.12.12\byte-buddy-1.12.12.jar;C:\Users\user\.m2\repository\antlr\antlr\2.7.7\antlr-2.7.7.jar;C:\Users\user\.m2\repository\org\jboss\jandex\2.4.2.Final\jandex-2.4.2.Final.jar;C:\Users\user\.m2\repository\com\fasterxml\classmate\1.5.1\classmate-1.5.1.jar;C:\Users\user\.m2\repository\org\hibernate\common\hibernate-commons-annotations\5.1.2.Final\hibernate-commons-annotations-5.1.2.Final.jar;C:\Users\user\.m2\repository\org\glassfish\jaxb\jaxb-runtime\2.3.6\jaxb-runtime-2.3.6.jar;C:\Users\user\.m2\repository\org\glassfish\jaxb\txw2\2.3.6\txw2-2.3.6.jar;C:\Users\user\.m2\repository\com\sun\istack\istack-commons-runtime\3.0.12\istack-commons-runtime-3.0.12.jar;C:\Users\user\.m2\repository\com\sun\activation\ja
Launcher Type: SUN_STANDARD

[Global flags]
     intx CICompilerCount                          = 3                                         {product} {ergonomic}
     uint ConcGCThreads                            = 1                                         {product} {ergonomic}
     uint G1ConcRefinementThreads                  = 4                                         {product} {ergonomic}
   size_t G1HeapRegionSize                         = 1048576                                   {product} {ergonomic}
    uintx GCDrainStackTargetSize                   = 64                                        {product} {ergonomic}
   size_t InitialHeapSize                          = 67108864                                  {product} {ergonomic}
     bool ManagementServer                         = true                                      {product} {command line}
   size_t MarkStackSize                            = 4194304                                   {product} {ergonomic}
   size_t MaxHeapSize                              = 1052770304                                {product} {ergonomic}
   size_t MaxNewSize                               = 631242752                                 {product} {ergonomic}
   size_t MinHeapDeltaBytes                        = 1048576                                   {product} {ergonomic}
   size_t MinHeapSize                              = 8388608                                   {product} {ergonomic}
    uintx NonProfiledCodeHeapSize                  = 0                                      {pd product} {ergonomic}
     bool ProfileInterpreter                       = false                                  {pd product} {command line}
    uintx ProfiledCodeHeapSize                     = 0                                      {pd product} {ergonomic}
     bool ShowCodeDetailsInExceptionMessages       = true                                   {manageable} {command line}
   size_t SoftMaxHeapSize                          = 1052770304                             {manageable} {ergonomic}
     intx TieredStopAtLevel                        = 1                                         {product} {command line}
     bool UseCompressedClassPointers               = true                           {product lp64_product} {ergonomic}
     bool UseCompressedOops                        = true                           {product lp64_product} {ergonomic}
     bool UseG1GC                                  = true                                      {product} {ergonomic}
     bool UseLargePagesIndividualAllocation        = false                                  {pd product} {ergonomic}

Logging:
Log output configuration:
 #0: stdout all=warning uptime,level,tags
 #1: stderr all=off uptime,level,tags

Environment Variables:
JAVA_HOME=C:\Program Files\Java\jdk1.8.0_261
PATH=C:/Users/user/Downloads/sts-4.15.2.RELEASE//plugins/org.eclipse.justj.openjdk.hotspot.jre.full.win32.x86_64_17.0.3.v20220515-1416/jre/bin/server;C:/Users/user/Downloads/sts-4.15.2.RELEASE//plugins/org.eclipse.justj.openjdk.hotspot.jre.full.win32.x86_64_17.0.3.v20220515-1416/jre/bin;C:\WINDOWS\system32;C:\WINDOWS;C:\WINDOWS\System32\Wbem;C:\WINDOWS\System32\WindowsPowerShell\v1.0\;C:\WINDOWS\System32\OpenSSH\;C:\Program Files\nodejs\;%MAVEN_HOME%\bin;;C:\Program Files\Docker\Docker\resources\bin;C:\ProgramData\DockerDesktop\version-bin;C:\Users\user\AppData\Local\Programs\Python\Python39\Scripts\;C:\Users\user\AppData\Local\Programs\Python\Python39\;C:\WINDOWS\system32;C:\WINDOWS;C:\WINDOWS\System32\Wbem;C:\WINDOWS\System32\WindowsPowerShell\v1.0\;C:\WINDOWS\System32\OpenSSH\;C:\Program Files\nodejs\;C:\Program Files\MySQL\MySQL Shell 8.0\bin\;C:\Users\user\AppData\Local\Microsoft\WindowsApps;;C:\Users\user\AppData\Local\Programs\Microsoft VS Code\bin;C:\Users\user\AppData\Roaming\npm;C:\Python34\Scripts;C:\Users\user\Downloads\sts-4.15.2.RELEASE;
USERNAME=user
OS=Windows_NT
PROCESSOR_IDENTIFIER=Intel64 Family 6 Model 142 Stepping 9, GenuineIntel



---------------  S Y S T E M  ---------------

OS:
 Windows 10 , 64 bit Build 19041 (10.0.19041.1806)
OS uptime: 0 days 4:07 hours
Hyper-V role detected

CPU: total 4 (initial active 4) (2 cores per cpu, 2 threads per core) family 6 model 142 stepping 9 microcode 0xb4, cx8, cmov, fxsr, ht, mmx, 3dnowpref, sse, sse2, sse3, ssse3, sse4.1, sse4.2, popcnt, lzcnt, tsc, tscinvbit, avx, avx2, aes, erms, clmul, bmi1, bmi2, adx, fma, vzeroupper, clflush, clflushopt, hv

Memory: 4k page, system-wide physical 4011M (247M free)
TotalPageFile size 16299M (AvailPageFile size 13M)
current process WorkingSet (physical memory assigned to process): 161M, peak: 161M
current process commit charge ("private bytes"): 187M, peak: 188M

vm_info: OpenJDK 64-Bit Server VM (17.0.3+7) for windows-amd64 JRE (17.0.3+7), built on Apr 19 2022 16:55:35 by "" with MS VC++ 16.7 (VS2019)

END.
